c:\users\mgkang.di-solution\desktop\kang\pycharm_project\git\freecad\dualsphysics\dualsphysics_v5.0_2015\src\vs\intermediate\dualsphysics_debug_x64\vc140.pdb
c:\users\mgkang.di-solution\desktop\kang\pycharm_project\git\freecad\dualsphysics\dualsphysics_v5.0_2015\src\vs\intermediate\dualsphysics_debug_x64\vc140.idb
c:\users\mgkang.di-solution\desktop\kang\pycharm_project\git\freecad\dualsphysics\dualsphysics_v5.0_2015\src\vs\intermediate\dualsphysics_debug_x64\jdspartsout.obj
c:\users\mgkang.di-solution\desktop\kang\pycharm_project\git\freecad\dualsphysics\dualsphysics_v5.0_2015\src\vs\intermediate\dualsphysics_debug_x64\jsphcpusingle.obj
c:\users\mgkang.di-solution\desktop\kang\pycharm_project\git\freecad\dualsphysics\dualsphysics_v5.0_2015\src\vs\intermediate\dualsphysics_debug_x64\jtimecontrol.obj
c:\users\mgkang.di-solution\desktop\kang\pycharm_project\git\freecad\dualsphysics\dualsphysics_v5.0_2015\src\vs\intermediate\dualsphysics_debug_x64\jdsoutputtime.obj
c:\users\mgkang.di-solution\desktop\kang\pycharm_project\git\freecad\dualsphysics\dualsphysics_v5.0_2015\src\vs\intermediate\dualsphysics_debug_x64\jsphcfgrun.obj
c:\users\mgkang.di-solution\desktop\kang\pycharm_project\git\freecad\dualsphysics\dualsphysics_v5.0_2015\src\vs\intermediate\dualsphysics_debug_x64\jcaseparts.obj
c:\users\mgkang.di-solution\desktop\kang\pycharm_project\git\freecad\dualsphysics\dualsphysics_v5.0_2015\src\vs\intermediate\dualsphysics_debug_x64\jcasectes.obj
c:\users\mgkang.di-solution\desktop\kang\pycharm_project\git\freecad\dualsphysics\dualsphysics_v5.0_2015\src\vs\intermediate\dualsphysics_debug_x64\jcaseeparms.obj
c:\users\mgkang.di-solution\desktop\kang\pycharm_project\git\freecad\dualsphysics\dualsphysics_v5.0_2015\src\vs\intermediate\dualsphysics_debug_x64\jsph.obj
c:\users\mgkang.di-solution\desktop\kang\pycharm_project\git\freecad\dualsphysics\dualsphysics_v5.0_2015\src\vs\intermediate\dualsphysics_debug_x64\jsphcpu.obj
c:\users\mgkang.di-solution\desktop\kang\pycharm_project\git\freecad\dualsphysics\dualsphysics_v5.0_2015\src\vs\intermediate\dualsphysics_debug_x64\jsphgpu.obj
c:\users\mgkang.di-solution\desktop\kang\pycharm_project\git\freecad\dualsphysics\dualsphysics_v5.0_2015\src\vs\intermediate\dualsphysics_debug_x64\jwaveawaszsurf.obj
c:\users\mgkang.di-solution\desktop\kang\pycharm_project\git\freecad\dualsphysics\dualsphysics_v5.0_2015\src\vs\intermediate\dualsphysics_debug_x64\jwavespectrumgpu.obj
c:\users\mgkang.di-solution\desktop\kang\pycharm_project\git\freecad\dualsphysics\dualsphysics_v5.0_2015\src\vs\intermediate\dualsphysics_debug_x64\jxml.obj
c:\users\mgkang.di-solution\desktop\kang\pycharm_project\git\freecad\dualsphysics\dualsphysics_v5.0_2015\src\vs\intermediate\dualsphysics_debug_x64\main.obj
c:\users\mgkang.di-solution\desktop\kang\pycharm_project\git\freecad\dualsphysics\dualsphysics_v5.0_2015\src\vs\intermediate\dualsphysics_debug_x64\randomc.obj
c:\users\mgkang.di-solution\desktop\kang\pycharm_project\git\freecad\dualsphysics\dualsphysics_v5.0_2015\src\vs\intermediate\dualsphysics_debug_x64\tinystr.obj
c:\users\mgkang.di-solution\desktop\kang\pycharm_project\git\freecad\dualsphysics\dualsphysics_v5.0_2015\src\vs\intermediate\dualsphysics_debug_x64\tinyxml.obj
c:\users\mgkang.di-solution\desktop\kang\pycharm_project\git\freecad\dualsphysics\dualsphysics_v5.0_2015\src\vs\intermediate\dualsphysics_debug_x64\tinyxmlerror.obj
c:\users\mgkang.di-solution\desktop\kang\pycharm_project\git\freecad\dualsphysics\dualsphysics_v5.0_2015\src\vs\intermediate\dualsphysics_debug_x64\tinyxmlparser.obj
c:\users\mgkang.di-solution\desktop\kang\pycharm_project\git\freecad\dualsphysics\dualsphysics_v5.0_2015\src\vs\intermediate\dualsphysics_debug_x64\jcaseproperties.obj
c:\users\mgkang.di-solution\desktop\kang\pycharm_project\git\freecad\dualsphysics\dualsphysics_v5.0_2015\src\vs\intermediate\dualsphysics_debug_x64\jcaseuservars.obj
c:\users\mgkang.di-solution\desktop\kang\pycharm_project\git\freecad\dualsphysics\dualsphysics_v5.0_2015\src\vs\intermediate\dualsphysics_debug_x64\jcasevtkout.obj
c:\users\mgkang.di-solution\desktop\kang\pycharm_project\git\freecad\dualsphysics\dualsphysics_v5.0_2015\src\vs\intermediate\dualsphysics_debug_x64\jdsaccinput.obj
c:\users\mgkang.di-solution\desktop\kang\pycharm_project\git\freecad\dualsphysics\dualsphysics_v5.0_2015\src\vs\intermediate\dualsphysics_debug_x64\jsphboundcorr.obj
c:\users\mgkang.di-solution\desktop\kang\pycharm_project\git\freecad\dualsphysics\dualsphysics_v5.0_2015\src\vs\intermediate\dualsphysics_debug_x64\jsphcpusingle_inout.obj
c:\users\mgkang.di-solution\desktop\kang\pycharm_project\git\freecad\dualsphysics\dualsphysics_v5.0_2015\src\vs\intermediate\dualsphysics_debug_x64\jsphcpu_inout.obj
c:\users\mgkang.di-solution\desktop\kang\pycharm_project\git\freecad\dualsphysics\dualsphysics_v5.0_2015\src\vs\intermediate\dualsphysics_debug_x64\jdsfixeddt.obj
c:\users\mgkang.di-solution\desktop\kang\pycharm_project\git\freecad\dualsphysics\dualsphysics_v5.0_2015\src\vs\intermediate\dualsphysics_debug_x64\jdsftforcepoints.obj
c:\users\mgkang.di-solution\desktop\kang\pycharm_project\git\freecad\dualsphysics\dualsphysics_v5.0_2015\src\vs\intermediate\dualsphysics_debug_x64\jsphgpusingle.obj
c:\users\mgkang.di-solution\desktop\kang\pycharm_project\git\freecad\dualsphysics\dualsphysics_v5.0_2015\src\vs\intermediate\dualsphysics_debug_x64\jsphgpusingle_inout.obj
c:\users\mgkang.di-solution\desktop\kang\pycharm_project\git\freecad\dualsphysics\dualsphysics_v5.0_2015\src\vs\intermediate\dualsphysics_debug_x64\jdsinitialize.obj
c:\users\mgkang.di-solution\desktop\kang\pycharm_project\git\freecad\dualsphysics\dualsphysics_v5.0_2015\src\vs\intermediate\dualsphysics_debug_x64\jsphinout.obj
c:\users\mgkang.di-solution\desktop\kang\pycharm_project\git\freecad\dualsphysics\dualsphysics_v5.0_2015\src\vs\intermediate\dualsphysics_debug_x64\jsphinoutgriddata.obj
c:\users\mgkang.di-solution\desktop\kang\pycharm_project\git\freecad\dualsphysics\dualsphysics_v5.0_2015\src\vs\intermediate\dualsphysics_debug_x64\jsphinoutpoints.obj
c:\users\mgkang.di-solution\desktop\kang\pycharm_project\git\freecad\dualsphysics\dualsphysics_v5.0_2015\src\vs\intermediate\dualsphysics_debug_x64\jsphinoutzone.obj
c:\users\mgkang.di-solution\desktop\kang\pycharm_project\git\freecad\dualsphysics\dualsphysics_v5.0_2015\src\vs\intermediate\dualsphysics_debug_x64\jsphmk.obj
c:\users\mgkang.di-solution\desktop\kang\pycharm_project\git\freecad\dualsphysics\dualsphysics_v5.0_2015\src\vs\intermediate\dualsphysics_debug_x64\jdsmotion.obj
c:\users\mgkang.di-solution\desktop\kang\pycharm_project\git\freecad\dualsphysics\dualsphysics_v5.0_2015\src\vs\intermediate\dualsphysics_debug_x64\jdspartsinit.obj
c:\users\mgkang.di-solution\desktop\kang\pycharm_project\git\freecad\dualsphysics\dualsphysics_v5.0_2015\src\vs\intermediate\dualsphysics_debug_x64\jdsviscoinput.obj
c:\users\mgkang.di-solution\desktop\kang\pycharm_project\git\freecad\dualsphysics\dualsphysics_v5.0_2015\src\vs\intermediate\dualsphysics_debug_x64\jobject.obj
c:\users\mgkang.di-solution\desktop\kang\pycharm_project\git\freecad\dualsphysics\dualsphysics_v5.0_2015\src\vs\intermediate\dualsphysics_debug_x64\jobjectgpu.obj
c:\users\mgkang.di-solution\desktop\kang\pycharm_project\git\freecad\dualsphysics\dualsphysics_v5.0_2015\src\vs\intermediate\dualsphysics_debug_x64\joutputcsv.obj
c:\users\mgkang.di-solution\desktop\kang\pycharm_project\git\freecad\dualsphysics\dualsphysics_v5.0_2015\src\vs\intermediate\dualsphysics_debug_x64\jpartdatabi4.obj
c:\users\mgkang.di-solution\desktop\kang\pycharm_project\git\freecad\dualsphysics\dualsphysics_v5.0_2015\src\vs\intermediate\dualsphysics_debug_x64\jpartdatahead.obj
c:\users\mgkang.di-solution\desktop\kang\pycharm_project\git\freecad\dualsphysics\dualsphysics_v5.0_2015\src\vs\intermediate\dualsphysics_debug_x64\jpartfloatbi4.obj
c:\users\mgkang.di-solution\desktop\kang\pycharm_project\git\freecad\dualsphysics\dualsphysics_v5.0_2015\src\vs\intermediate\dualsphysics_debug_x64\jpartnormaldata.obj
c:\users\mgkang.di-solution\desktop\kang\pycharm_project\git\freecad\dualsphysics\dualsphysics_v5.0_2015\src\vs\intermediate\dualsphysics_debug_x64\jpartoutbi4save.obj
c:\users\mgkang.di-solution\desktop\kang\pycharm_project\git\freecad\dualsphysics\dualsphysics_v5.0_2015\src\vs\intermediate\dualsphysics_debug_x64\jpartsload4.obj
c:\users\mgkang.di-solution\desktop\kang\pycharm_project\git\freecad\dualsphysics\dualsphysics_v5.0_2015\src\vs\intermediate\dualsphysics_debug_x64\jradixsort.obj
c:\users\mgkang.di-solution\desktop\kang\pycharm_project\git\freecad\dualsphysics\dualsphysics_v5.0_2015\src\vs\intermediate\dualsphysics_debug_x64\jrangefilter.obj
c:\users\mgkang.di-solution\desktop\kang\pycharm_project\git\freecad\dualsphysics\dualsphysics_v5.0_2015\src\vs\intermediate\dualsphysics_debug_x64\jreaddatafile.obj
c:\users\mgkang.di-solution\desktop\kang\pycharm_project\git\freecad\dualsphysics\dualsphysics_v5.0_2015\src\vs\intermediate\dualsphysics_debug_x64\jrelaxzonesgpu.obj
c:\users\mgkang.di-solution\desktop\kang\pycharm_project\git\freecad\dualsphysics\dualsphysics_v5.0_2015\src\vs\intermediate\dualsphysics_debug_x64\jsavecsv2.obj
c:\users\mgkang.di-solution\desktop\kang\pycharm_project\git\freecad\dualsphysics\dualsphysics_v5.0_2015\src\vs\intermediate\dualsphysics_debug_x64\jdssavedt.obj
c:\users\mgkang.di-solution\desktop\kang\pycharm_project\git\freecad\dualsphysics\dualsphysics_v5.0_2015\src\vs\intermediate\dualsphysics_debug_x64\jsphinoutvel.obj
c:\users\mgkang.di-solution\desktop\kang\pycharm_project\git\freecad\dualsphysics\dualsphysics_v5.0_2015\src\vs\intermediate\dualsphysics_debug_x64\jsphinoutvelawas.obj
c:\users\mgkang.di-solution\desktop\kang\pycharm_project\git\freecad\dualsphysics\dualsphysics_v5.0_2015\src\vs\intermediate\dualsphysics_debug_x64\jsphinoutzsurf.obj
c:\users\mgkang.di-solution\desktop\kang\pycharm_project\git\freecad\dualsphysics\dualsphysics_v5.0_2015\src\vs\intermediate\dualsphysics_debug_x64\jsphshifting.obj
c:\users\mgkang.di-solution\desktop\kang\pycharm_project\git\freecad\dualsphysics\dualsphysics_v5.0_2015\src\vs\intermediate\dualsphysics_debug_x64\jsimpleneigs.obj
c:\users\mgkang.di-solution\desktop\kang\pycharm_project\git\freecad\dualsphysics\dualsphysics_v5.0_2015\src\vs\intermediate\dualsphysics_debug_x64\jdsdamping.obj
c:\users\mgkang.di-solution\desktop\kang\pycharm_project\git\freecad\dualsphysics\dualsphysics_v5.0_2015\src\vs\intermediate\dualsphysics_debug_x64\jarraysgpu.obj
c:\users\mgkang.di-solution\desktop\kang\pycharm_project\git\freecad\dualsphysics\dualsphysics_v5.0_2015\src\vs\intermediate\dualsphysics_debug_x64\jdataarrays.obj
c:\users\mgkang.di-solution\desktop\kang\pycharm_project\git\freecad\dualsphysics\dualsphysics_v5.0_2015\src\vs\intermediate\dualsphysics_debug_x64\jdebugsphgpu.obj
c:\users\mgkang.di-solution\desktop\kang\pycharm_project\git\freecad\dualsphysics\dualsphysics_v5.0_2015\src\vs\intermediate\dualsphysics_debug_x64\jdsphconfig.obj
c:\users\mgkang.di-solution\desktop\kang\pycharm_project\git\freecad\dualsphysics\dualsphysics_v5.0_2015\src\vs\intermediate\dualsphysics_debug_x64\jdspips.obj
c:\users\mgkang.di-solution\desktop\kang\pycharm_project\git\freecad\dualsphysics\dualsphysics_v5.0_2015\src\vs\intermediate\dualsphysics_debug_x64\jexception.obj
c:\users\mgkang.di-solution\desktop\kang\pycharm_project\git\freecad\dualsphysics\dualsphysics_v5.0_2015\src\vs\intermediate\dualsphysics_debug_x64\jdsgaugeitem.obj
c:\users\mgkang.di-solution\desktop\kang\pycharm_project\git\freecad\dualsphysics\dualsphysics_v5.0_2015\src\vs\intermediate\dualsphysics_debug_x64\jdsgaugesystem.obj
c:\users\mgkang.di-solution\desktop\kang\pycharm_project\git\freecad\dualsphysics\dualsphysics_v5.0_2015\src\vs\intermediate\dualsphysics_debug_x64\jftmotionsave.obj
c:\users\mgkang.di-solution\desktop\kang\pycharm_project\git\freecad\dualsphysics\dualsphysics_v5.0_2015\src\vs\intermediate\dualsphysics_debug_x64\jlinearvalue.obj
c:\users\mgkang.di-solution\desktop\kang\pycharm_project\git\freecad\dualsphysics\dualsphysics_v5.0_2015\src\vs\intermediate\dualsphysics_debug_x64\jlog2.obj
c:\users\mgkang.di-solution\desktop\kang\pycharm_project\git\freecad\dualsphysics\dualsphysics_v5.0_2015\src\vs\intermediate\dualsphysics_debug_x64\jmlpistonsgpu.obj
c:\users\mgkang.di-solution\desktop\kang\pycharm_project\git\freecad\dualsphysics\dualsphysics_v5.0_2015\src\vs\intermediate\dualsphysics_debug_x64\jdsmooredfloatings.obj
c:\users\mgkang.di-solution\desktop\kang\pycharm_project\git\freecad\dualsphysics\dualsphysics_v5.0_2015\src\vs\intermediate\dualsphysics_debug_x64\jmotion.obj
c:\users\mgkang.di-solution\desktop\kang\pycharm_project\git\freecad\dualsphysics\dualsphysics_v5.0_2015\src\vs\intermediate\dualsphysics_debug_x64\jmotionlist.obj
c:\users\mgkang.di-solution\desktop\kang\pycharm_project\git\freecad\dualsphysics\dualsphysics_v5.0_2015\src\vs\intermediate\dualsphysics_debug_x64\jmotionmov.obj
c:\users\mgkang.di-solution\desktop\kang\pycharm_project\git\freecad\dualsphysics\dualsphysics_v5.0_2015\src\vs\intermediate\dualsphysics_debug_x64\jmotionobj.obj
c:\users\mgkang.di-solution\desktop\kang\pycharm_project\git\freecad\dualsphysics\dualsphysics_v5.0_2015\src\vs\intermediate\dualsphysics_debug_x64\jmotionpos.obj
c:\users\mgkang.di-solution\desktop\kang\pycharm_project\git\freecad\dualsphysics\dualsphysics_v5.0_2015\src\vs\intermediate\dualsphysics_debug_x64\jnormalsmarrone.obj
c:\users\mgkang.di-solution\desktop\kang\pycharm_project\git\freecad\dualsphysics\dualsphysics_v5.0_2015\src\vs\intermediate\dualsphysics_debug_x64\functions.obj
c:\users\mgkang.di-solution\desktop\kang\pycharm_project\git\freecad\dualsphysics\dualsphysics_v5.0_2015\src\vs\intermediate\dualsphysics_debug_x64\functionscuda.obj
c:\users\mgkang.di-solution\desktop\kang\pycharm_project\git\freecad\dualsphysics\dualsphysics_v5.0_2015\src\vs\intermediate\dualsphysics_debug_x64\fungeo3d.obj
c:\users\mgkang.di-solution\desktop\kang\pycharm_project\git\freecad\dualsphysics\dualsphysics_v5.0_2015\src\vs\intermediate\dualsphysics_debug_x64\funsphkernelscfg.obj
c:\users\mgkang.di-solution\desktop\kang\pycharm_project\git\freecad\dualsphysics\dualsphysics_v5.0_2015\src\vs\intermediate\dualsphysics_debug_x64\jappinfo.obj
c:\users\mgkang.di-solution\desktop\kang\pycharm_project\git\freecad\dualsphysics\dualsphysics_v5.0_2015\src\vs\intermediate\dualsphysics_debug_x64\jarrayscpu.obj
c:\users\mgkang.di-solution\desktop\kang\pycharm_project\git\freecad\dualsphysics\dualsphysics_v5.0_2015\src\vs\intermediate\dualsphysics_debug_x64\jbinarydata.obj
c:\users\mgkang.di-solution\desktop\kang\pycharm_project\git\freecad\dualsphysics\dualsphysics_v5.0_2015\src\vs\intermediate\dualsphysics_debug_x64\jcelldivcpu.obj
c:\users\mgkang.di-solution\desktop\kang\pycharm_project\git\freecad\dualsphysics\dualsphysics_v5.0_2015\src\vs\intermediate\dualsphysics_debug_x64\jcelldivcpusingle.obj
c:\users\mgkang.di-solution\desktop\kang\pycharm_project\git\freecad\dualsphysics\dualsphysics_v5.0_2015\src\vs\intermediate\dualsphysics_debug_x64\jcelldivgpu.obj
c:\users\mgkang.di-solution\desktop\kang\pycharm_project\git\freecad\dualsphysics\dualsphysics_v5.0_2015\src\vs\intermediate\dualsphysics_debug_x64\jcelldivgpusingle.obj
c:\users\mgkang.di-solution\desktop\kang\pycharm_project\git\freecad\dualsphysics\dualsphysics_v5.0_2015\src\vs\intermediate\dualsphysics_debug_x64\jcfgrunbase.obj
c:\users\mgkang.di-solution\desktop\kang\pycharm_project\git\freecad\dualsphysics\dualsphysics_v5.0_2015\src\vs\intermediate\dualsphysics_debug_x64\jchronoobjects.obj
c:\users\mgkang.di-solution\desktop\kang\pycharm_project\git\freecad\dualsphysics\dualsphysics_v5.0_2015\src\vs\intermediate\dualsphysics_debug_x64\jcomputemotionref.obj
c:\users\mgkang.di-solution\desktop\kang\pycharm_project\git\freecad\dualsphysics\dualsphysics_v5.0_2015\bin\windows\dualsphysics5.0_win64_debug.lib
c:\users\mgkang.di-solution\desktop\kang\pycharm_project\git\freecad\dualsphysics\dualsphysics_v5.0_2015\bin\windows\dualsphysics5.0_win64_debug.exp
c:\users\mgkang.di-solution\desktop\kang\pycharm_project\git\freecad\dualsphysics\dualsphysics_v5.0_2015\bin\windows\dualsphysics5.0_win64_debug.ilk
c:\users\mgkang.di-solution\desktop\kang\pycharm_project\git\freecad\dualsphysics\dualsphysics_v5.0_2015\bin\windows\dualsphysics5.0_win64_debug.exe
c:\users\mgkang.di-solution\desktop\kang\pycharm_project\git\freecad\dualsphysics\dualsphysics_v5.0_2015\bin\windows\dualsphysics5.0_win64_debug.pdb
c:\users\mgkang.di-solution\desktop\kang\pycharm_project\git\freecad\dualsphysics\dualsphysics_v5.0_2015\src\vs\intermediate\dualsphysics_debug_x64\functionsgeo3d_iker.h.cache
c:\users\mgkang.di-solution\desktop\kang\pycharm_project\git\freecad\dualsphysics\dualsphysics_v5.0_2015\src\vs\intermediate\dualsphysics_debug_x64\functionsmath_iker.h.cache
c:\users\mgkang.di-solution\desktop\kang\pycharm_project\git\freecad\dualsphysics\dualsphysics_v5.0_2015\src\vs\intermediate\dualsphysics_debug_x64\jcelldivgpusingle_ker.cu.cache
c:\users\mgkang.di-solution\desktop\kang\pycharm_project\git\freecad\dualsphysics\dualsphysics_v5.0_2015\src\vs\intermediate\dualsphysics_debug_x64\jcelldivgpu_ker.cu.cache
c:\users\mgkang.di-solution\desktop\kang\pycharm_project\git\freecad\dualsphysics\dualsphysics_v5.0_2015\src\vs\intermediate\dualsphysics_debug_x64\jdsaccinput_ker.cu.cache
c:\users\mgkang.di-solution\desktop\kang\pycharm_project\git\freecad\dualsphysics\dualsphysics_v5.0_2015\src\vs\intermediate\dualsphysics_debug_x64\jdsgauge_ker.cu.cache
c:\users\mgkang.di-solution\desktop\kang\pycharm_project\git\freecad\dualsphysics\dualsphysics_v5.0_2015\src\vs\intermediate\dualsphysics_debug_x64\jdspips_ker.cu.cache
c:\users\mgkang.di-solution\desktop\kang\pycharm_project\git\freecad\dualsphysics\dualsphysics_v5.0_2015\src\vs\intermediate\dualsphysics_debug_x64\jredusum_ker.cu.cache
c:\users\mgkang.di-solution\desktop\kang\pycharm_project\git\freecad\dualsphysics\dualsphysics_v5.0_2015\src\vs\intermediate\dualsphysics_debug_x64\jrelaxzone_ker.cu.cache
c:\users\mgkang.di-solution\desktop\kang\pycharm_project\git\freecad\dualsphysics\dualsphysics_v5.0_2015\src\vs\intermediate\dualsphysics_debug_x64\jsphgpusimple_ker.cu.cache
c:\users\mgkang.di-solution\desktop\kang\pycharm_project\git\freecad\dualsphysics\dualsphysics_v5.0_2015\src\vs\intermediate\dualsphysics_debug_x64\jsphgpu_inout_ker.cu.cache
c:\users\mgkang.di-solution\desktop\kang\pycharm_project\git\freecad\dualsphysics\dualsphysics_v5.0_2015\src\vs\intermediate\dualsphysics_debug_x64\jsphgpu_ker.cu.cache
c:\users\mgkang.di-solution\desktop\kang\pycharm_project\git\freecad\dualsphysics\dualsphysics_v5.0_2015\src\vs\intermediate\dualsphysics_debug_x64\jsphshifting_ker.cu.cache
c:\users\mgkang.di-solution\desktop\kang\pycharm_project\git\freecad\dualsphysics\dualsphysics_v5.0_2015\src\vs\intermediate\dualsphysics_debug_x64\jwaveorder2_ker.cu.cache
c:\users\mgkang.di-solution\desktop\kang\pycharm_project\git\freecad\dualsphysics\dualsphysics_v5.0_2015\src\vs\intermediate\dualsphysics_debug_x64\functionsgeo3d_iker.h.obj
c:\users\mgkang.di-solution\desktop\kang\pycharm_project\git\freecad\dualsphysics\dualsphysics_v5.0_2015\src\vs\intermediate\dualsphysics_debug_x64\functionsmath_iker.h.obj
c:\users\mgkang.di-solution\desktop\kang\pycharm_project\git\freecad\dualsphysics\dualsphysics_v5.0_2015\src\vs\intermediate\dualsphysics_debug_x64\jcelldivgpusingle_ker.cu.obj
c:\users\mgkang.di-solution\desktop\kang\pycharm_project\git\freecad\dualsphysics\dualsphysics_v5.0_2015\src\vs\intermediate\dualsphysics_debug_x64\jcelldivgpu_ker.cu.obj
c:\users\mgkang.di-solution\desktop\kang\pycharm_project\git\freecad\dualsphysics\dualsphysics_v5.0_2015\src\vs\intermediate\dualsphysics_debug_x64\jdsaccinput_ker.cu.obj
c:\users\mgkang.di-solution\desktop\kang\pycharm_project\git\freecad\dualsphysics\dualsphysics_v5.0_2015\src\vs\intermediate\dualsphysics_debug_x64\jdsgauge_ker.cu.obj
c:\users\mgkang.di-solution\desktop\kang\pycharm_project\git\freecad\dualsphysics\dualsphysics_v5.0_2015\src\vs\intermediate\dualsphysics_debug_x64\jdspips_ker.cu.obj
c:\users\mgkang.di-solution\desktop\kang\pycharm_project\git\freecad\dualsphysics\dualsphysics_v5.0_2015\src\vs\intermediate\dualsphysics_debug_x64\jredusum_ker.cu.obj
c:\users\mgkang.di-solution\desktop\kang\pycharm_project\git\freecad\dualsphysics\dualsphysics_v5.0_2015\src\vs\intermediate\dualsphysics_debug_x64\jrelaxzone_ker.cu.obj
c:\users\mgkang.di-solution\desktop\kang\pycharm_project\git\freecad\dualsphysics\dualsphysics_v5.0_2015\src\vs\intermediate\dualsphysics_debug_x64\jsphgpusimple_ker.cu.obj
c:\users\mgkang.di-solution\desktop\kang\pycharm_project\git\freecad\dualsphysics\dualsphysics_v5.0_2015\src\vs\intermediate\dualsphysics_debug_x64\jsphgpu_ker.cu.obj
c:\users\mgkang.di-solution\desktop\kang\pycharm_project\git\freecad\dualsphysics\dualsphysics_v5.0_2015\src\vs\intermediate\dualsphysics_debug_x64\jsphshifting_ker.cu.obj
c:\users\mgkang.di-solution\desktop\kang\pycharm_project\git\freecad\dualsphysics\dualsphysics_v5.0_2015\src\vs\intermediate\dualsphysics_debug_x64\jwaveorder2_ker.cu.obj
c:\users\mgkang.di-solution\desktop\kang\pycharm_project\git\freecad\dualsphysics\dualsphysics_v5.0_2015\src\vs\../../bin/windows/dualsphysics5.0_win64_debug.exe
c:\users\mgkang.di-solution\desktop\kang\pycharm_project\git\freecad\dualsphysics\dualsphysics_v5.0_2015\src\vs\intermediate\dualsphysics_debug_x64\dualsphysics.tlog\cl.command.1.tlog
c:\users\mgkang.di-solution\desktop\kang\pycharm_project\git\freecad\dualsphysics\dualsphysics_v5.0_2015\src\vs\intermediate\dualsphysics_debug_x64\dualsphysics.tlog\cl.read.1.tlog
c:\users\mgkang.di-solution\desktop\kang\pycharm_project\git\freecad\dualsphysics\dualsphysics_v5.0_2015\src\vs\intermediate\dualsphysics_debug_x64\dualsphysics.tlog\cl.write.1.tlog
c:\users\mgkang.di-solution\desktop\kang\pycharm_project\git\freecad\dualsphysics\dualsphysics_v5.0_2015\src\vs\intermediate\dualsphysics_debug_x64\dualsphysics.tlog\dualsphysics.write.1u.tlog
c:\users\mgkang.di-solution\desktop\kang\pycharm_project\git\freecad\dualsphysics\dualsphysics_v5.0_2015\src\vs\intermediate\dualsphysics_debug_x64\dualsphysics.tlog\link.command.1.tlog
c:\users\mgkang.di-solution\desktop\kang\pycharm_project\git\freecad\dualsphysics\dualsphysics_v5.0_2015\src\vs\intermediate\dualsphysics_debug_x64\dualsphysics.tlog\link.read.1.tlog
c:\users\mgkang.di-solution\desktop\kang\pycharm_project\git\freecad\dualsphysics\dualsphysics_v5.0_2015\src\vs\intermediate\dualsphysics_debug_x64\dualsphysics.tlog\link.write.1.tlog
